<?xml version='1.0' encoding='UTF-8'?>
<testsuite hostname="omen" name="fireworks.FireworksSuite" tests="12" errors="0" failures="11" skipped="0" time="0.366" timestamp="2025-04-18T19:14:07">
          <properties>
      <property name="awt.toolkit" value="sun.awt.windows.WToolkit"/><property name="java.specification.version" value="11"/><property name="sun.cpu.isalist" value="amd64"/><property name="sun.jnu.encoding" value="Cp1252"/><property name="sun.arch.data.model" value="64"/><property name="java.vendor.url" value="https://adoptium.net/"/><property name="sun.boot.library.path" value="C:\Users\mawil\AppData\Local\Coursier\cache\arc\https\github.com\adoptium\temurin11-binaries\releases\download\jdk-11.0.26%252B4\OpenJDK11U-jdk_x64_windows_hotspot_11.0.26_4.zip\jdk-11.0.26+4\bin"/><property name="sun.java.command" value="xsbt.boot.Boot"/><property name="jdk.debug" value="release"/><property name="sun.stderr.encoding" value="cp437"/><property name="java.specification.vendor" value="Oracle Corporation"/><property name="java.version.date" value="2025-01-21"/><property name="java.home" value="C:\Users\mawil\AppData\Local\Coursier\cache\arc\https\github.com\adoptium\temurin11-binaries\releases\download\jdk-11.0.26%252B4\OpenJDK11U-jdk_x64_windows_hotspot_11.0.26_4.zip\jdk-11.0.26+4"/><property name="file.separator" value="\"/><property name="java.vm.compressedOopsMode" value="32-bit"/><property name="line.separator" value="
"/><property name="sun.stdout.encoding" value="cp437"/><property name="java.specification.name" value="Java Platform API Specification"/><property name="java.vm.specification.vendor" value="Oracle Corporation"/><property name="user.script" value=""/><property name="sun.management.compiler" value="HotSpot 64-Bit Tiered Compilers"/><property name="java.runtime.version" value="11.0.26+4"/><property name="user.name" value="mawil"/><property name="log4j.ignoreTCL" value="true"/><property name="file.encoding" value="UTF-8"/><property name="jnidispatch.path" value="C:\Users\mawil\AppData\Local\Temp\jna-103671238\jna12490425419020624963.dll"/><property name="java.vendor.version" value="Temurin-11.0.26+4"/><property name="jna.loaded" value="true"/><property name="java.io.tmpdir" value="C:\Users\mawil\AppData\Local\Temp\"/><property name="java.version" value="11.0.26"/><property name="java.vm.specification.name" value="Java Virtual Machine Specification"/><property name="java.awt.printerjob" value="sun.awt.windows.WPrinterJob"/><property name="sun.os.patch.level" value=""/><property name="java.library.path" value="C:\Users\mawil\AppData\Local\Coursier\cache\arc\https\github.com\adoptium\temurin11-binaries\releases\download\jdk-11.0.26%252B4\OpenJDK11U-jdk_x64_windows_hotspot_11.0.26_4.zip\jdk-11.0.26+4\bin;C:\Windows\Sun\Java\bin;C:\Windows\system32;C:\Windows;C:\Users\mawil\AppData\Local\Coursier\cache\arc\https\github.com\adoptium\temurin11-binaries\releases\download\jdk-11.0.26%252B4\OpenJDK11U-jdk_x64_windows_hotspot_11.0.26_4.zip\jdk-11.0.26+4\bin;C:\Users\mawil\.pyenv\shims;C:\Users\mawil\AppData\Local\fnm_multishells\18380_1745020941813;C:\ProgramData\Oracle\Java\javapath;C:\Program Files\ImageMagick-7.1.1-Q16-HDRI;C:\Program Files\ImageMagick-7.1.0-Q16-HDRI;C:\Program Files (x86)\NVIDIA Corporation\PhysX\Common;C:\Windows\system32;C:\Windows;C:\Windows\System32\Wbem;C:\Windows\System32\WindowsPowerShell\v1.0\;C:\Windows\System32\OpenSSH\;C:\Program Files\Java\jre1.8.0_333\bin;C:\Program Files\dotnet\;C:\Program Files (x86)\Windows Kits\10\Windows Performance Toolkit\;C:\Users\mawil\scoop\apps\python\current\Scripts;C:\Users\mawil\scoop\apps\python\current;C:\Users\mawil\scoop\apps\oraclejdk-lts\current\bin;C:\Users\mawil\scoop\apps\postgresql\current\bin;C:\Users\mawil\scoop\apps\gnupg\current\bin;C:\Users\mawil\scoop\apps\mpv\current;C:\Windows\System32;C:\Windows\System32\wbem;C:\Users\mawil\scoop\persist\python\scripts;C:\Users\mawil\scoop\apps\postgresql\16.3\bin;C:\Users\mawil\scoop\apps\mpv\0.38.0;C:\Users\mawil\scoop\apps\gnupg\2.4.5\bin;C:\Users\mawil\.cargo\bin;C:\Users\mawil\scoop\shims;C:\Users\mawil\AppData\Local\Microsoft\WindowsApps;C:\Users\mawil\.local\bin;C:\Users\mawil\AppData\Local\chocolatey\bin;C:\Exercism;C:\Program Files\nu\bin;C:\Users\mawil\apps\eget-bin;C:\Users\mawil\AppData\Local\Apps\Janet\bin;C:\Users\mawil\scoop\apps\git\current\mingw64\libexec\git-core;C:\Users\mawil\AppData\Local\Apps\Janet\bin\;C:\Users\mawil\apps\flutter\bin;C:\Users\mawil\AppData\Local\Microsoft\WinGet\Packages\Microsoft.VisualStudioCode.CLI_Microsoft.Winget.Source_8wekyb3d8bbwe\.;c:\users\mawil\appdata\roaming\python\python313\scripts;C:\Users\mawil\scoop\apps\neovim\current\bin;C:/Users/mawil/apps/eget-bin;C:/Users/mawil/AppData/Local/Coursier/data/bin;C:/Users/mawil/AppData/Roaming/fnm/aliases/default;C:\Users\mawil\.pyenv\bin;C:\Users\mawil\AppData\Local\Coursier\data\bin;C:\Users\mawil\AppData\Local\Coursier\cache\arc\https\github.com\adoptium\temurin11-binaries\releases\download\jdk-11.0.26%252B4\OpenJDK11U-jdk_x64_windows_hotspot_11.0.26_4.zip\jdk-11.0.26+4\bin;."/><property name="java.vendor" value="Eclipse Adoptium"/><property name="java.specification.maintenance.version" value="3"/><property name="scala.ext.dirs" value="C:\Users\mawil\.sbt\1.0\java9-rt-ext-eclipse_adoptium_11_0_26"/><property name="sun.io.unicode.encoding" value="UnicodeLittle"/><property name="sun.desktop" value="windows"/><property name="java.class.path" value="C:\Users\mawil\AppData\Local\Coursier\cache\arc\https\github.com\sbt\sbt\releases\download\v1.10.11\sbt-1.10.11.zip\sbt\bin\sbt-launch.jar"/><property name="java.vm.vendor" value="Eclipse Adoptium"/><property name="user.variant" value=""/><property name="jline.shutdownhook" value="false"/><property name="user.timezone" value="America/Chicago"/><property name="os.name" value="Windows 11"/><property name="java.vm.specification.version" value="11"/><property name="sun.java.launcher" value="SUN_STANDARD"/><property name="user.country" value="US"/><property name="sun.cpu.endian" value="little"/><property name="user.home" value="C:\Users\mawil"/><property name="user.language" value="en"/><property name="sbt.ipcsocket.tmpdir" value="C:\Users\mawil\AppData\Local\Temp\.sbt52fe315c\ipcsocket"/><property name="swoval.tmpdir" value="C:\Users\mawil\AppData\Local\Temp\.sbt52fe315c\swoval"/><property name="java.awt.graphicsenv" value="sun.awt.Win32GraphicsEnvironment"/><property name="jline.esc.timeout" value="0"/><property name="path.separator" value=";"/><property name="os.version" value="10.0"/><property name="jna.nosys" value="true"/><property name="java.runtime.name" value="OpenJDK Runtime Environment"/><property name="java.vm.name" value="OpenJDK 64-Bit Server VM"/><property name="java.vendor.url.bug" value="https://github.com/adoptium/adoptium-support/issues"/><property name="user.dir" value="C:\Users\mawil\projects\coding_challenges\scala\coursera\fireworks"/><property name="os.arch" value="amd64"/><property name="java.vm.info" value="mixed mode"/><property name="java.vm.version" value="11.0.26+4"/><property name="java.class.version" value="55.0"/>
    </properties>
          <testcase classname="fireworks.FireworksSuite" name="'Firework.next' returns 'Done' when given 'Done' `" time="0.062">
                      <failure message="scala.NotImplementedError: an implementation is missing" type="sbt.ForkMain$ForkError">sbt.ForkMain$ForkError: scala.NotImplementedError: an implementation is missing
	at scala.Predef$.$qmark$qmark$qmark(Predef.scala:344)
	at fireworks.Firework$.next(Fireworks.scala:48)
	at fireworks.FireworksSuite.$init$$$anonfun$1(FireworksSuite.scala:11)
</failure>
                    </testcase><testcase classname="fireworks.FireworksSuite" name="'Firework.next' returns 'Waiting' or 'Launched' when given 'Waiting'" time="0.205">
                      <failure message="java.lang.AssertionError: An exception was thrown during property evaluation: scala.NotImplementedError: an implementation is missing" type="sbt.ForkMain$ForkError">sbt.ForkMain$ForkError: java.lang.AssertionError: An exception was thrown during property evaluation: scala.NotImplementedError: an implementation is missing
	at fireworks.FireworksSuite.failure$1(FireworksSuite.scala:170)
	at fireworks.FireworksSuite.checkProperty(FireworksSuite.scala:177)
	at fireworks.FireworksSuite.property$$anonfun$1(FireworksSuite.scala:164)
</failure>
                    </testcase><testcase classname="fireworks.FireworksSuite" name="'Firework.next' returns 'Launched' or 'Exploding' when given 'Launched'" time="0.016">
                      <failure message="java.lang.AssertionError: An exception was thrown during property evaluation: scala.NotImplementedError: an implementation is missing" type="sbt.ForkMain$ForkError">sbt.ForkMain$ForkError: java.lang.AssertionError: An exception was thrown during property evaluation: scala.NotImplementedError: an implementation is missing
	at fireworks.FireworksSuite.failure$1(FireworksSuite.scala:170)
	at fireworks.FireworksSuite.checkProperty(FireworksSuite.scala:177)
	at fireworks.FireworksSuite.property$$anonfun$1(FireworksSuite.scala:164)
</failure>
                    </testcase><testcase classname="fireworks.FireworksSuite" name="'Firework.next' returns 'Exploding' or 'Done' when given 'Exploding'" time="0.016">
                      <failure message="java.lang.AssertionError: An exception was thrown during property evaluation: scala.NotImplementedError: an implementation is missing" type="sbt.ForkMain$ForkError">sbt.ForkMain$ForkError: java.lang.AssertionError: An exception was thrown during property evaluation: scala.NotImplementedError: an implementation is missing
	at fireworks.FireworksSuite.failure$1(FireworksSuite.scala:170)
	at fireworks.FireworksSuite.checkProperty(FireworksSuite.scala:177)
	at fireworks.FireworksSuite.property$$anonfun$1(FireworksSuite.scala:164)
</failure>
                    </testcase><testcase classname="fireworks.FireworksSuite" name="Operation 'next' on class 'Waiting' should return the same 'Waiting' value with a decremented 'countDown' until it is zero or negative" time="0.046">
                      
                    </testcase><testcase classname="fireworks.FireworksSuite" name="Operation 'next' on class 'Waiting' should return a 'Launched' value if the 'countDown' is zero or negative" time="0.003">
                      <failure message="java.lang.AssertionError: An exception was thrown during property evaluation: scala.NotImplementedError: an implementation is missing" type="sbt.ForkMain$ForkError">sbt.ForkMain$ForkError: java.lang.AssertionError: An exception was thrown during property evaluation: scala.NotImplementedError: an implementation is missing
	at fireworks.FireworksSuite.failure$1(FireworksSuite.scala:170)
	at fireworks.FireworksSuite.checkProperty(FireworksSuite.scala:177)
	at fireworks.FireworksSuite.property$$anonfun$1(FireworksSuite.scala:164)
</failure>
                    </testcase><testcase classname="fireworks.FireworksSuite" name="Operation 'next' on class 'Launched' should return a 'Launched' value with a decremented 'countDown' until it is zero or negative" time="0.003">
                      <failure message="java.lang.AssertionError: An exception was thrown during property evaluation: scala.NotImplementedError: an implementation is missing" type="sbt.ForkMain$ForkError">sbt.ForkMain$ForkError: java.lang.AssertionError: An exception was thrown during property evaluation: scala.NotImplementedError: an implementation is missing
	at fireworks.FireworksSuite.failure$1(FireworksSuite.scala:170)
	at fireworks.FireworksSuite.checkProperty(FireworksSuite.scala:177)
	at fireworks.FireworksSuite.property$$anonfun$1(FireworksSuite.scala:164)
</failure>
                    </testcase><testcase classname="fireworks.FireworksSuite" name="Operation 'next' on class 'Launched' should return a 'Launched' value with an updated 'position' until the 'countDown' is zero or negative" time="0.003">
                      <failure message="java.lang.AssertionError: An exception was thrown during property evaluation: scala.NotImplementedError: an implementation is missing" type="sbt.ForkMain$ForkError">sbt.ForkMain$ForkError: java.lang.AssertionError: An exception was thrown during property evaluation: scala.NotImplementedError: an implementation is missing
	at fireworks.FireworksSuite.failure$1(FireworksSuite.scala:170)
	at fireworks.FireworksSuite.checkProperty(FireworksSuite.scala:177)
	at fireworks.FireworksSuite.property$$anonfun$1(FireworksSuite.scala:164)
</failure>
                    </testcase><testcase classname="fireworks.FireworksSuite" name="Operation 'next' on class 'Launched' should return an 'Exploding' value if the 'countDown' is zero or negative" time="0.003">
                      <failure message="java.lang.AssertionError: An exception was thrown during property evaluation: scala.NotImplementedError: an implementation is missing" type="sbt.ForkMain$ForkError">sbt.ForkMain$ForkError: java.lang.AssertionError: An exception was thrown during property evaluation: scala.NotImplementedError: an implementation is missing
	at fireworks.FireworksSuite.failure$1(FireworksSuite.scala:170)
	at fireworks.FireworksSuite.checkProperty(FireworksSuite.scala:177)
	at fireworks.FireworksSuite.property$$anonfun$1(FireworksSuite.scala:164)
</failure>
                    </testcase><testcase classname="fireworks.FireworksSuite" name="Operation 'next' on class 'Exploding' should return an 'Exploding' value with a decremented 'countDown' until it is zero or negative" time="0.005">
                      <failure message="java.lang.AssertionError: An exception was thrown during property evaluation: scala.NotImplementedError: an implementation is missing" type="sbt.ForkMain$ForkError">sbt.ForkMain$ForkError: java.lang.AssertionError: An exception was thrown during property evaluation: scala.NotImplementedError: an implementation is missing
	at fireworks.FireworksSuite.failure$1(FireworksSuite.scala:170)
	at fireworks.FireworksSuite.checkProperty(FireworksSuite.scala:177)
	at fireworks.FireworksSuite.property$$anonfun$1(FireworksSuite.scala:164)
</failure>
                    </testcase><testcase classname="fireworks.FireworksSuite" name="Operation 'next' on class 'Exploding' should return a 'Done' value if the 'countDown' is zero or negative" time="0.003">
                      <failure message="java.lang.AssertionError: An exception was thrown during property evaluation: scala.NotImplementedError: an implementation is missing" type="sbt.ForkMain$ForkError">sbt.ForkMain$ForkError: java.lang.AssertionError: An exception was thrown during property evaluation: scala.NotImplementedError: an implementation is missing
	at fireworks.FireworksSuite.failure$1(FireworksSuite.scala:170)
	at fireworks.FireworksSuite.checkProperty(FireworksSuite.scala:177)
	at fireworks.FireworksSuite.property$$anonfun$1(FireworksSuite.scala:164)
</failure>
                    </testcase><testcase classname="fireworks.FireworksSuite" name="Operation 'next' on class 'Particle' should return a 'Particle' value that has moved" time="0.001">
                      <failure message="java.lang.AssertionError: An exception was thrown during property evaluation: scala.NotImplementedError: an implementation is missing" type="sbt.ForkMain$ForkError">sbt.ForkMain$ForkError: java.lang.AssertionError: An exception was thrown during property evaluation: scala.NotImplementedError: an implementation is missing
	at fireworks.FireworksSuite.failure$1(FireworksSuite.scala:170)
	at fireworks.FireworksSuite.checkProperty(FireworksSuite.scala:177)
	at fireworks.FireworksSuite.property$$anonfun$1(FireworksSuite.scala:164)
</failure>
                    </testcase>
          <system-out><![CDATA[]]></system-out>
          <system-err><![CDATA[]]></system-err>
        </testsuite>